0 info it worked if it ends with ok
1 verbose cli [ '/usr/local/bin/node',
1 verbose cli   '/usr/local/bin/npm',
1 verbose cli   'install',
1 verbose cli   'orgchart' ]
2 info using npm@3.7.3
3 info using node@v5.9.1
4 silly loadCurrentTree Starting
5 silly install loadCurrentTree
6 silly install readLocalPackageData
7 silly fetchPackageMetaData orgchart
8 silly fetchNamedPackageData orgchart
9 silly mapToRegistry name orgchart
10 silly mapToRegistry using default registry
11 silly mapToRegistry registry https://registry.npm.taobao.org/
12 silly mapToRegistry uri https://registry.npm.taobao.org/orgchart
13 verbose request uri https://registry.npm.taobao.org/orgchart
14 verbose request no auth needed
15 info attempt registry request try #1 at 10:18:36
16 verbose request id 01fcfa47ba0fcc5c
17 verbose etag "fc2f-DYzTVSavFOSQqQULQ+aEOA"
18 http request GET https://registry.npm.taobao.org/orgchart
19 http 304 https://registry.npm.taobao.org/orgchart
20 verbose headers { date: 'Tue, 27 Dec 2016 02:18:35 GMT',
20 verbose headers   connection: 'keep-alive',
20 verbose headers   'x-current-requests': '1',
20 verbose headers   etag: '"fc2f-DYzTVSavFOSQqQULQ+aEOA"',
20 verbose headers   'x-readtime': '59' }
21 silly get cb [ 304,
21 silly get   { date: 'Tue, 27 Dec 2016 02:18:35 GMT',
21 silly get     connection: 'keep-alive',
21 silly get     'x-current-requests': '1',
21 silly get     etag: '"fc2f-DYzTVSavFOSQqQULQ+aEOA"',
21 silly get     'x-readtime': '59' } ]
22 verbose etag https://registry.npm.taobao.org/orgchart from cache
23 verbose get saving orgchart to /Users/admin/.npm/registry.npm.taobao.org/orgchart/.cache.json
24 verbose correctMkdir /Users/admin/.npm correctMkdir not in flight; initializing
25 silly install normalizeTree
26 silly loadCurrentTree Finishing
27 silly loadIdealTree Starting
28 silly install loadIdealTree
29 silly cloneCurrentTree Starting
30 silly install cloneCurrentTreeToIdealTree
31 silly cloneCurrentTree Finishing
32 silly loadShrinkwrap Starting
33 silly install loadShrinkwrap
34 silly loadShrinkwrap Finishing
35 silly loadAllDepsIntoIdealTree Starting
36 silly install loadAllDepsIntoIdealTree
37 silly rollbackFailedOptional Starting
38 silly rollbackFailedOptional Finishing
39 silly runTopLevelLifecycles Starting
40 silly runTopLevelLifecycles Finishing
41 silly install printInstalled
42 verbose stack Error: Refusing to install orgchart as a dependency of itself
42 verbose stack     at checkSelf (/usr/local/lib/node_modules/npm/lib/install/validate-args.js:53:14)
42 verbose stack     at Array.<anonymous> (/usr/local/lib/node_modules/npm/node_modules/slide/lib/bind-actor.js:15:8)
42 verbose stack     at LOOP (/usr/local/lib/node_modules/npm/node_modules/slide/lib/chain.js:15:14)
42 verbose stack     at chain (/usr/local/lib/node_modules/npm/node_modules/slide/lib/chain.js:20:5)
42 verbose stack     at /usr/local/lib/node_modules/npm/lib/install/validate-args.js:16:5
42 verbose stack     at /usr/local/lib/node_modules/npm/node_modules/slide/lib/async-map.js:52:35
42 verbose stack     at Array.forEach (native)
42 verbose stack     at /usr/local/lib/node_modules/npm/node_modules/slide/lib/async-map.js:52:11
42 verbose stack     at Array.forEach (native)
42 verbose stack     at asyncMap (/usr/local/lib/node_modules/npm/node_modules/slide/lib/async-map.js:51:8)
43 verbose cwd /Users/admin/OrgChart
44 error Darwin 14.5.0
45 error argv "/usr/local/bin/node" "/usr/local/bin/npm" "install" "orgchart"
46 error node v5.9.1
47 error npm  v3.7.3
48 error code ENOSELF
49 error Refusing to install orgchart as a dependency of itself
50 error If you need help, you may report this error at:
50 error     <https://github.com/npm/npm/issues>
51 verbose exit [ 1, true ]
